<?xml version="1.0" encoding="UTF-8"?>
<!-- Generated by org.testng.reporters.JUnitXMLReporter -->
<testsuite hostname="CSLH1613" ignored="0" name="Default test" tests="5" failures="0" timestamp="2020-10-22T08:25:15 IST" time="44.225" errors="0">
  <testcase name="google" time="19.2" classname="testCases.POMDP"/>
  <testcase name="homePage" time="19.542" classname="testCases.POMDP"/>
  <testcase name="custdetailsPage" time="0.002" classname="testCases.POMDP"/>
  <testcase name="custdetailsPage" time="0.001" classname="testCases.POMDP"/>
  <testcase name="custdetailsPage" time="0.002" classname="testCases.POMDP"/>
</testsuite> <!-- Default test -->
