<?xml version="1.0" encoding="UTF-8"?>
<!-- Generated by org.testng.reporters.JUnitXMLReporter -->
<testsuite hostname="CSLH1613" ignored="0" name="Default test" tests="5" failures="0" timestamp="2020-10-24T13:24:50 IST" time="26.048" errors="0">
  <testcase name="google" time="6.747" classname="testCases.POMDP2"/>
  <testcase name="homePage" time="13.172" classname="testCases.POMDP2"/>
  <testcase name="custdetailsPage" time="0.002" classname="testCases.POMDP2"/>
  <testcase name="custdetailsPage" time="0.002" classname="testCases.POMDP2"/>
  <testcase name="custdetailsPage" time="0.002" classname="testCases.POMDP2"/>
</testsuite> <!-- Default test -->
