<?xml version="1.0" encoding="UTF-8"?>
<testng-results skipped="0" failed="0" ignored="0" total="5" passed="5">
  <reporter-output>
  </reporter-output>
  <suite name="Default suite" duration-ms="26048" started-at="2020-10-24T13:24:24 IST" finished-at="2020-10-24T13:24:50 IST">
    <groups>
    </groups>
    <test name="Default test" duration-ms="26048" started-at="2020-10-24T13:24:24 IST" finished-at="2020-10-24T13:24:50 IST">
      <class name="testCases.POMDP2">
        <test-method status="PASS" signature="setup()[pri:0, instance:testCases.POMDP2@536aaa8d]" name="setup" is-config="true" duration-ms="4838" started-at="2020-10-24T13:24:24 IST" finished-at="2020-10-24T13:24:29 IST">
          <reporter-output>
          </reporter-output>
        </test-method> <!-- setup -->
        <test-method status="PASS" signature="google()[pri:1, instance:testCases.POMDP2@536aaa8d]" name="google" duration-ms="6747" started-at="2020-10-24T13:24:29 IST" finished-at="2020-10-24T13:24:36 IST">
          <reporter-output>
          </reporter-output>
        </test-method> <!-- google -->
        <test-method status="PASS" signature="homePage()[pri:2, instance:testCases.POMDP2@536aaa8d]" name="homePage" duration-ms="13172" started-at="2020-10-24T13:24:36 IST" depends-on-methods="testCases.POMDP2.google" finished-at="2020-10-24T13:24:49 IST">
          <reporter-output>
          </reporter-output>
        </test-method> <!-- homePage -->
        <test-method status="PASS" signature="custdetailsPage(java.lang.String, java.lang.String, java.lang.String, java.lang.String, java.lang.String, java.lang.String, java.lang.String, java.lang.String)[pri:3, instance:testCases.POMDP2@536aaa8d]" name="custdetailsPage" duration-ms="2" started-at="2020-10-24T13:24:50 IST" data-provider="getCellData" finished-at="2020-10-24T13:24:50 IST">
          <params>
            <param index="0">
              <value>
                <![CDATA[Cobra Khan]]>
              </value>
            </param>
            <param index="1">
              <value>
                <![CDATA[9005457337]]>
              </value>
            </param>
            <param index="2">
              <value>
                <![CDATA[Harshad@mehta.com]]>
              </value>
            </param>
            <param index="3">
              <value>
                <![CDATA[Dharavi]]>
              </value>
            </param>
            <param index="4">
              <value>
                <![CDATA[600092]]>
              </value>
            </param>
            <param index="5">
              <value>
                <![CDATA[Python]]>
              </value>
            </param>
            <param index="6">
              <value>
                <![CDATA[123456]]>
              </value>
            </param>
            <param index="7">
              <value>
                <![CDATA[678901]]>
              </value>
            </param>
          </params>
          <reporter-output>
          </reporter-output>
        </test-method> <!-- custdetailsPage -->
        <test-method status="PASS" signature="custdetailsPage(java.lang.String, java.lang.String, java.lang.String, java.lang.String, java.lang.String, java.lang.String, java.lang.String, java.lang.String)[pri:3, instance:testCases.POMDP2@536aaa8d]" name="custdetailsPage" duration-ms="2" started-at="2020-10-24T13:24:50 IST" data-provider="getCellData" finished-at="2020-10-24T13:24:50 IST">
          <params>
            <param index="0">
              <value>
                <![CDATA[Anaconda Khan]]>
              </value>
            </param>
            <param index="1">
              <value>
                <![CDATA[9005457337]]>
              </value>
            </param>
            <param index="2">
              <value>
                <![CDATA[Harshad@mehta.com]]>
              </value>
            </param>
            <param index="3">
              <value>
                <![CDATA[Dharavi]]>
              </value>
            </param>
            <param index="4">
              <value>
                <![CDATA[600091]]>
              </value>
            </param>
            <param index="5">
              <value>
                <![CDATA[Python]]>
              </value>
            </param>
            <param index="6">
              <value>
                <![CDATA[123456]]>
              </value>
            </param>
            <param index="7">
              <value>
                <![CDATA[678901]]>
              </value>
            </param>
          </params>
          <reporter-output>
          </reporter-output>
        </test-method> <!-- custdetailsPage -->
        <test-method status="PASS" signature="custdetailsPage(java.lang.String, java.lang.String, java.lang.String, java.lang.String, java.lang.String, java.lang.String, java.lang.String, java.lang.String)[pri:3, instance:testCases.POMDP2@536aaa8d]" name="custdetailsPage" duration-ms="2" started-at="2020-10-24T13:24:50 IST" data-provider="getCellData" finished-at="2020-10-24T13:24:50 IST">
          <params>
            <param index="0">
              <value>
                <![CDATA[Viper Khan]]>
              </value>
            </param>
            <param index="1">
              <value>
                <![CDATA[9005457337]]>
              </value>
            </param>
            <param index="2">
              <value>
                <![CDATA[Harshad@mehta.com]]>
              </value>
            </param>
            <param index="3">
              <value>
                <![CDATA[Dharavi]]>
              </value>
            </param>
            <param index="4">
              <value>
                <![CDATA[600093]]>
              </value>
            </param>
            <param index="5">
              <value>
                <![CDATA[Python]]>
              </value>
            </param>
            <param index="6">
              <value>
                <![CDATA[123456]]>
              </value>
            </param>
            <param index="7">
              <value>
                <![CDATA[678901]]>
              </value>
            </param>
          </params>
          <reporter-output>
          </reporter-output>
        </test-method> <!-- custdetailsPage -->
        <test-method status="PASS" signature="tearDown()[pri:0, instance:testCases.POMDP2@536aaa8d]" name="tearDown" is-config="true" duration-ms="436" started-at="2020-10-24T13:24:50 IST" finished-at="2020-10-24T13:24:50 IST">
          <reporter-output>
          </reporter-output>
        </test-method> <!-- tearDown -->
      </class> <!-- testCases.POMDP2 -->
    </test> <!-- Default test -->
  </suite> <!-- Default suite -->
</testng-results>
